<?xml version="1.0" encoding="UTF-8"?>
<!-- Generated by org.testng.reporters.JUnitReportReporter -->
<testsuite skipped="0" hostname="DheerenPC" name="com.Test.JavaBasics" tests="1" failures="0" timestamp="04 Sep 2017 19:21:12 GMT" time="17.051" errors="0">
  <testcase name="Test1" time="17.051" classname="com.Test.JavaBasics"/>
</testsuite> <!-- com.Test.JavaBasics -->
