<?xml version="1.0" encoding="UTF-8"?>
<!-- Generated by org.testng.reporters.JUnitReportReporter -->
<testsuite skipped="0" hostname="DheerenPC" name="com.Test.JavaBasics" tests="1" failures="0" timestamp="04 Sep 2017 05:48:25 GMT" time="74.897" errors="0">
  <testcase name="Test1" time="74.897" classname="com.Test.JavaBasics"/>
</testsuite> <!-- com.Test.JavaBasics -->
